# JRE version: OpenJDK Runtime Environment Temurin-17.0.10+7 (17.0.10+7) (build 17.0.10+7)
# Java VM: OpenJDK 64-Bit Server VM Temurin-17.0.10+7 (17.0.10+7, mixed mode, tiered, compressed oops, compressed class ptrs, parallel gc, windows-amd64)
GC Precious Log:
 CPUs: 12 total, 12 available
 Memory: 7877M
 Large Page Support: Disabled
 NUMA Support: Disabled
 Compressed Oops: Enabled (32-bit)
 Alignments: Space 512K, Generation 512K, Heap 2M
 Heap Min Capacity: 100M
 Heap Initial Capacity: 100M
 Heap Max Capacity: 1G
 Pre-touch: Disabled
 Parallel Workers: 10
Heap:
 PSYoungGen      total 5632K, used 288K [0x00000000eab00000, 0x00000000eb200000, 0x0000000100000000)
  eden space 5120K, 0% used [0x00000000eab00000,0x00000000eab00000,0x00000000eb000000)
  from space 512K, 56% used [0x00000000eb000000,0x00000000eb048000,0x00000000eb080000)
  to   space 1024K, 0% used [0x00000000eb100000,0x00000000eb100000,0x00000000eb200000)
 ParOldGen       total 139776K, used 139373K [0x00000000c0000000, 0x00000000c8880000, 0x00000000eab00000)
  object space 139776K, 99% used [0x00000000c0000000,0x00000000c881b4e8,0x00000000c8880000)
 Metaspace       used 92007K, committed 93312K, reserved 1179648K
  class space    used 9395K, committed 9984K, reserved 1048576K
GC Heap History (20 events):
Event: 1699.945 GC heap after
{Heap after GC invocations=2553 (full 41):
 PSYoungGen      total 6144K, used 608K [0x00000000eab00000, 0x00000000eb300000, 0x0000000100000000)
  eden space 5120K, 0% used [0x00000000eab00000,0x00000000eab00000,0x00000000eb000000)
  from space 1024K, 59% used [0x00000000eb200000,0x00000000eb298010,0x00000000eb300000)
  to   space 1024K, 0% used [0x00000000eb100000,0x00000000eb100000,0x00000000eb200000)
 ParOldGen       total 139776K, used 136308K [0x00000000c0000000, 0x00000000c8880000, 0x00000000eab00000)
  object space 139776K, 97% used [0x00000000c0000000,0x00000000c851d1d8,0x00000000c8880000)
 Metaspace       used 91953K, committed 93248K, reserved 1179648K
  class space    used 9394K, committed 9984K, reserved 1048576K
}
Event: 1700.143 GC heap before
{Heap before GC invocations=2554 (full 41):
 PSYoungGen      total 6144K, used 5728K [0x00000000eab00000, 0x00000000eb300000, 0x0000000100000000)
  eden space 5120K, 100% used [0x00000000eab00000,0x00000000eb000000,0x00000000eb000000)
  from space 1024K, 59% used [0x00000000eb200000,0x00000000eb298010,0x00000000eb300000)
  to   space 1024K, 0% used [0x00000000eb100000,0x00000000eb100000,0x00000000eb200000)
 ParOldGen       total 139776K, used 136308K [0x00000000c0000000, 0x00000000c8880000, 0x00000000eab00000)
  object space 139776K, 97% used [0x00000000c0000000,0x00000000c851d1d8,0x00000000c8880000)
 Metaspace       used 91965K, committed 93248K, reserved 1179648K
  class space    used 9394K, committed 9984K, reserved 1048576K
}
Event: 1700.145 GC heap after
{Heap after GC invocations=2554 (full 41):
 PSYoungGen      total 6144K, used 416K [0x00000000eab00000, 0x00000000eb280000, 0x0000000100000000)
  eden space 5120K, 0% used [0x00000000eab00000,0x00000000eab00000,0x00000000eb000000)
  from space 1024K, 40% used [0x00000000eb100000,0x00000000eb168020,0x00000000eb200000)
  to   space 512K, 0% used [0x00000000eb200000,0x00000000eb200000,0x00000000eb280000)
 ParOldGen       total 139776K, used 136779K [0x00000000c0000000, 0x00000000c8880000, 0x00000000eab00000)
  object space 139776K, 97% used [0x00000000c0000000,0x00000000c8592c38,0x00000000c8880000)
 Metaspace       used 91965K, committed 93248K, reserved 1179648K
  class space    used 9394K, committed 9984K, reserved 1048576K
}
Event: 1700.361 GC heap before
{Heap before GC invocations=2555 (full 41):
 PSYoungGen      total 6144K, used 5536K [0x00000000eab00000, 0x00000000eb280000, 0x0000000100000000)
  eden space 5120K, 100% used [0x00000000eab00000,0x00000000eb000000,0x00000000eb000000)
  from space 1024K, 40% used [0x00000000eb100000,0x00000000eb168020,0x00000000eb200000)
  to   space 512K, 0% used [0x00000000eb200000,0x00000000eb200000,0x00000000eb280000)
 ParOldGen       total 139776K, used 136779K [0x00000000c0000000, 0x00000000c8880000, 0x00000000eab00000)
  object space 139776K, 97% used [0x00000000c0000000,0x00000000c8592c38,0x00000000c8880000)
 Metaspace       used 91970K, committed 93248K, reserved 1179648K
  class space    used 9394K, committed 9984K, reserved 1048576K
}
Event: 1700.362 GC heap after
{Heap after GC invocations=2555 (full 41):
 PSYoungGen      total 5632K, used 256K [0x00000000eab00000, 0x00000000eb280000, 0x0000000100000000)
  eden space 5120K, 0% used [0x00000000eab00000,0x00000000eab00000,0x00000000eb000000)
  from space 512K, 50% used [0x00000000eb200000,0x00000000eb240000,0x00000000eb280000)
  to   space 512K, 0% used [0x00000000eb180000,0x00000000eb180000,0x00000000eb200000)
 ParOldGen       total 139776K, used 136875K [0x00000000c0000000, 0x00000000c8880000, 0x00000000eab00000)
  object space 139776K, 97% used [0x00000000c0000000,0x00000000c85aac38,0x00000000c8880000)
 Metaspace       used 91970K, committed 93248K, reserved 1179648K
  class space    used 9394K, committed 9984K, reserved 1048576K
}
Event: 1700.636 GC heap before
{Heap before GC invocations=2556 (full 41):
 PSYoungGen      total 5632K, used 5376K [0x00000000eab00000, 0x00000000eb280000, 0x0000000100000000)
  eden space 5120K, 100% used [0x00000000eab00000,0x00000000eb000000,0x00000000eb000000)
  from space 512K, 50% used [0x00000000eb200000,0x00000000eb240000,0x00000000eb280000)
  to   space 512K, 0% used [0x00000000eb180000,0x00000000eb180000,0x00000000eb200000)
 ParOldGen       total 139776K, used 136875K [0x00000000c0000000, 0x00000000c8880000, 0x00000000eab00000)
  object space 139776K, 97% used [0x00000000c0000000,0x00000000c85aac38,0x00000000c8880000)
 Metaspace       used 91973K, committed 93248K, reserved 1179648K
  class space    used 9394K, committed 9984K, reserved 1048576K
}
Event: 1700.638 GC heap after
{Heap after GC invocations=2556 (full 41):
 PSYoungGen      total 5632K, used 416K [0x00000000eab00000, 0x00000000eb280000, 0x0000000100000000)
  eden space 5120K, 0% used [0x00000000eab00000,0x00000000eab00000,0x00000000eb000000)
  from space 512K, 81% used [0x00000000eb180000,0x00000000eb1e8020,0x00000000eb200000)
  to   space 512K, 0% used [0x00000000eb200000,0x00000000eb200000,0x00000000eb280000)
 ParOldGen       total 139776K, used 136915K [0x00000000c0000000, 0x00000000c8880000, 0x00000000eab00000)
  object space 139776K, 97% used [0x00000000c0000000,0x00000000c85b4c38,0x00000000c8880000)
 Metaspace       used 91973K, committed 93248K, reserved 1179648K
  class space    used 9394K, committed 9984K, reserved 1048576K
}
Event: 1711.253 GC heap before
{Heap before GC invocations=2557 (full 41):
 PSYoungGen      total 5632K, used 5536K [0x00000000eab00000, 0x00000000eb280000, 0x0000000100000000)
  eden space 5120K, 100% used [0x00000000eab00000,0x00000000eb000000,0x00000000eb000000)
  from space 512K, 81% used [0x00000000eb180000,0x00000000eb1e8020,0x00000000eb200000)
  to   space 512K, 0% used [0x00000000eb200000,0x00000000eb200000,0x00000000eb280000)
 ParOldGen       total 139776K, used 136915K [0x00000000c0000000, 0x00000000c8880000, 0x00000000eab00000)
  object space 139776K, 97% used [0x00000000c0000000,0x00000000c85b4c38,0x00000000c8880000)
 Metaspace       used 91975K, committed 93248K, reserved 1179648K
  class space    used 9395K, committed 9984K, reserved 1048576K
}
Event: 1711.254 GC heap after
{Heap after GC invocations=2557 (full 41):
 PSYoungGen      total 5632K, used 496K [0x00000000eab00000, 0x00000000eb300000, 0x0000000100000000)
  eden space 5120K, 0% used [0x00000000eab00000,0x00000000eab00000,0x00000000eb000000)
  from space 512K, 96% used [0x00000000eb200000,0x00000000eb27c030,0x00000000eb280000)
  to   space 1536K, 0% used [0x00000000eb000000,0x00000000eb000000,0x00000000eb180000)
 ParOldGen       total 139776K, used 137392K [0x00000000c0000000, 0x00000000c8880000, 0x00000000eab00000)
  object space 139776K, 98% used [0x00000000c0000000,0x00000000c862c0d8,0x00000000c8880000)
 Metaspace       used 91975K, committed 93248K, reserved 1179648K
  class space    used 9395K, committed 9984K, reserved 1048576K
}
Event: 1711.603 GC heap before
{Heap before GC invocations=2558 (full 41):
 PSYoungGen      total 5632K, used 5616K [0x00000000eab00000, 0x00000000eb300000, 0x0000000100000000)
  eden space 5120K, 100% used [0x00000000eab00000,0x00000000eb000000,0x00000000eb000000)
  from space 512K, 96% used [0x00000000eb200000,0x00000000eb27c030,0x00000000eb280000)
  to   space 1536K, 0% used [0x00000000eb000000,0x00000000eb000000,0x00000000eb180000)
 ParOldGen       total 139776K, used 137392K [0x00000000c0000000, 0x00000000c8880000, 0x00000000eab00000)
  object space 139776K, 98% used [0x00000000c0000000,0x00000000c862c0d8,0x00000000c8880000)
 Metaspace       used 91985K, committed 93312K, reserved 1179648K
  class space    used 9395K, committed 9984K, reserved 1048576K
}
Event: 1711.603 GC heap after
{Heap after GC invocations=2558 (full 41):
 PSYoungGen      total 6656K, used 480K [0x00000000eab00000, 0x00000000eb280000, 0x0000000100000000)
  eden space 5120K, 0% used [0x00000000eab00000,0x00000000eab00000,0x00000000eb000000)
  from space 1536K, 31% used [0x00000000eb000000,0x00000000eb078020,0x00000000eb180000)
  to   space 1024K, 0% used [0x00000000eb180000,0x00000000eb180000,0x00000000eb280000)
 ParOldGen       total 139776K, used 137901K [0x00000000c0000000, 0x00000000c8880000, 0x00000000eab00000)
  object space 139776K, 98% used [0x00000000c0000000,0x00000000c86ab598,0x00000000c8880000)
 Metaspace       used 91985K, committed 93312K, reserved 1179648K
  class space    used 9395K, committed 9984K, reserved 1048576K
}
Event: 1720.492 GC heap before
{Heap before GC invocations=2559 (full 41):
 PSYoungGen      total 6656K, used 5600K [0x00000000eab00000, 0x00000000eb280000, 0x0000000100000000)
  eden space 5120K, 100% used [0x00000000eab00000,0x00000000eb000000,0x00000000eb000000)
  from space 1536K, 31% used [0x00000000eb000000,0x00000000eb078020,0x00000000eb180000)
  to   space 1024K, 0% used [0x00000000eb180000,0x00000000eb180000,0x00000000eb280000)
 ParOldGen       total 139776K, used 137901K [0x00000000c0000000, 0x00000000c8880000, 0x00000000eab00000)
  object space 139776K, 98% used [0x00000000c0000000,0x00000000c86ab598,0x00000000c8880000)
 Metaspace       used 91990K, committed 93312K, reserved 1179648K
  class space    used 9395K, committed 9984K, reserved 1048576K
}
Event: 1720.492 GC heap after
{Heap after GC invocations=2559 (full 41):
 PSYoungGen      total 5632K, used 384K [0x00000000eab00000, 0x00000000eb200000, 0x0000000100000000)
  eden space 5120K, 0% used [0x00000000eab00000,0x00000000eab00000,0x00000000eb000000)
  from space 512K, 75% used [0x00000000eb180000,0x00000000eb1e0000,0x00000000eb200000)
  to   space 512K, 0% used [0x00000000eb100000,0x00000000eb100000,0x00000000eb180000)
 ParOldGen       total 139776K, used 137901K [0x00000000c0000000, 0x00000000c8880000, 0x00000000eab00000)
  object space 139776K, 98% used [0x00000000c0000000,0x00000000c86ab598,0x00000000c8880000)
 Metaspace       used 91990K, committed 93312K, reserved 1179648K
  class space    used 9395K, committed 9984K, reserved 1048576K
}
Event: 1720.762 GC heap before
{Heap before GC invocations=2560 (full 41):
 PSYoungGen      total 5632K, used 5504K [0x00000000eab00000, 0x00000000eb200000, 0x0000000100000000)
  eden space 5120K, 100% used [0x00000000eab00000,0x00000000eb000000,0x00000000eb000000)
  from space 512K, 75% used [0x00000000eb180000,0x00000000eb1e0000,0x00000000eb200000)
  to   space 512K, 0% used [0x00000000eb100000,0x00000000eb100000,0x00000000eb180000)
 ParOldGen       total 139776K, used 137901K [0x00000000c0000000, 0x00000000c8880000, 0x00000000eab00000)
  object space 139776K, 98% used [0x00000000c0000000,0x00000000c86ab598,0x00000000c8880000)
 Metaspace       used 91991K, committed 93312K, reserved 1179648K
  class space    used 9395K, committed 9984K, reserved 1048576K
}
Event: 1720.763 GC heap after
{Heap after GC invocations=2560 (full 41):
 PSYoungGen      total 5632K, used 480K [0x00000000eab00000, 0x00000000eb200000, 0x0000000100000000)
  eden space 5120K, 0% used [0x00000000eab00000,0x00000000eab00000,0x00000000eb000000)
  from space 512K, 93% used [0x00000000eb100000,0x00000000eb178020,0x00000000eb180000)
  to   space 512K, 0% used [0x00000000eb180000,0x00000000eb180000,0x00000000eb200000)
 ParOldGen       total 139776K, used 138243K [0x00000000c0000000, 0x00000000c8880000, 0x00000000eab00000)
  object space 139776K, 98% used [0x00000000c0000000,0x00000000c8700fd8,0x00000000c8880000)
 Metaspace       used 91991K, committed 93312K, reserved 1179648K
  class space    used 9395K, committed 9984K, reserved 1048576K
}
Event: 1720.778 GC heap before
{Heap before GC invocations=2561 (full 41):
 PSYoungGen      total 5632K, used 5600K [0x00000000eab00000, 0x00000000eb200000, 0x0000000100000000)
  eden space 5120K, 100% used [0x00000000eab00000,0x00000000eb000000,0x00000000eb000000)
  from space 512K, 93% used [0x00000000eb100000,0x00000000eb178020,0x00000000eb180000)
  to   space 512K, 0% used [0x00000000eb180000,0x00000000eb180000,0x00000000eb200000)
 ParOldGen       total 139776K, used 138243K [0x00000000c0000000, 0x00000000c8880000, 0x00000000eab00000)
  object space 139776K, 98% used [0x00000000c0000000,0x00000000c8700fd8,0x00000000c8880000)
 Metaspace       used 92005K, committed 93312K, reserved 1179648K
  class space    used 9395K, committed 9984K, reserved 1048576K
}
Event: 1720.780 GC heap after
{Heap after GC invocations=2561 (full 41):
 PSYoungGen      total 5632K, used 480K [0x00000000eab00000, 0x00000000eb300000, 0x0000000100000000)
  eden space 5120K, 0% used [0x00000000eab00000,0x00000000eab00000,0x00000000eb000000)
  from space 512K, 93% used [0x00000000eb180000,0x00000000eb1f8020,0x00000000eb200000)
  to   space 1536K, 0% used [0x00000000eb000000,0x00000000eb000000,0x00000000eb180000)
 ParOldGen       total 139776K, used 138944K [0x00000000c0000000, 0x00000000c8880000, 0x00000000eab00000)
  object space 139776K, 99% used [0x00000000c0000000,0x00000000c87b0048,0x00000000c8880000)
 Metaspace       used 92005K, committed 93312K, reserved 1179648K
  class space    used 9395K, committed 9984K, reserved 1048576K
}
Event: 1720.867 GC heap before
{Heap before GC invocations=2562 (full 41):
 PSYoungGen      total 5632K, used 5600K [0x00000000eab00000, 0x00000000eb300000, 0x0000000100000000)
  eden space 5120K, 100% used [0x00000000eab00000,0x00000000eb000000,0x00000000eb000000)
  from space 512K, 93% used [0x00000000eb180000,0x00000000eb1f8020,0x00000000eb200000)
  to   space 1536K, 0% used [0x00000000eb000000,0x00000000eb000000,0x00000000eb180000)
 ParOldGen       total 139776K, used 138944K [0x00000000c0000000, 0x00000000c8880000, 0x00000000eab00000)
  object space 139776K, 99% used [0x00000000c0000000,0x00000000c87b0048,0x00000000c8880000)
 Metaspace       used 92007K, committed 93312K, reserved 1179648K
  class space    used 9395K, committed 9984K, reserved 1048576K
}
Event: 1720.868 GC heap after
{Heap after GC invocations=2562 (full 41):
 PSYoungGen      total 5632K, used 288K [0x00000000eab00000, 0x00000000eb200000, 0x0000000100000000)
  eden space 5120K, 0% used [0x00000000eab00000,0x00000000eab00000,0x00000000eb000000)
  from space 512K, 56% used [0x00000000eb000000,0x00000000eb048000,0x00000000eb080000)
  to   space 1024K, 0% used [0x00000000eb100000,0x00000000eb100000,0x00000000eb200000)
 ParOldGen       total 139776K, used 139373K [0x00000000c0000000, 0x00000000c8880000, 0x00000000eab00000)
  object space 139776K, 99% used [0x00000000c0000000,0x00000000c881b4e8,0x00000000c8880000)
 Metaspace       used 92007K, committed 93312K, reserved 1179648K
  class space    used 9395K, committed 9984K, reserved 1048576K
}
Event: 1720.868 GC heap before
{Heap before GC invocations=2563 (full 42):
 PSYoungGen      total 5632K, used 288K [0x00000000eab00000, 0x00000000eb200000, 0x0000000100000000)
  eden space 5120K, 0% used [0x00000000eab00000,0x00000000eab00000,0x00000000eb000000)
  from space 512K, 56% used [0x00000000eb000000,0x00000000eb048000,0x00000000eb080000)
  to   space 1024K, 0% used [0x00000000eb100000,0x00000000eb100000,0x00000000eb200000)
 ParOldGen       total 139776K, used 139373K [0x00000000c0000000, 0x00000000c8880000, 0x00000000eab00000)
  object space 139776K, 99% used [0x00000000c0000000,0x00000000c881b4e8,0x00000000c8880000)
 Metaspace       used 92007K, committed 93312K, reserved 1179648K
  class space    used 9395K, committed 9984K, reserved 1048576K
}

